<?xml version="1.0" encoding="UTF-8"?>
<testng-results skipped="0" failed="0" ignored="0" total="1" passed="1">
  <reporter-output>
  </reporter-output>
  <suite name="Default suite" duration-ms="113" started-at="2020-02-10T07:59:36Z" finished-at="2020-02-10T07:59:36Z">
    <groups>
    </groups>
    <test name="Default test" duration-ms="113" started-at="2020-02-10T07:59:36Z" finished-at="2020-02-10T07:59:36Z">
      <class name="clone.CloneEclipse.First">
        <test-method status="PASS" signature="test()[pri:0, instance:clone.CloneEclipse.First@3ffc5af1]" name="test" duration-ms="31" started-at="2020-02-10T07:59:36Z" finished-at="2020-02-10T07:59:36Z">
          <reporter-output>
          </reporter-output>
        </test-method> <!-- test -->
      </class> <!-- clone.CloneEclipse.First -->
    </test> <!-- Default test -->
  </suite> <!-- Default suite -->
</testng-results>
